Assembler report for PWM_DE10
Fri Jul 27 11:50:54 2018
Quartus II 64-Bit Version 15.0.1 Build 150 06/03/2015 SJ Full Version


---------------------
; Table of Contents ;
---------------------
  1. Legal Notice
  2. Assembler Summary
  3. Assembler Settings
  4. Assembler Generated Files
  5. Assembler Device Options: C:/PWM_DE10/PWM_DE10.sof
  6. Assembler Messages



----------------
; Legal Notice ;
----------------
Copyright (C) 1991-2015 Altera Corporation. All rights reserved.
Your use of Altera Corporation's design tools, logic functions 
and other software and tools, and its AMPP partner logic 
functions, and any output files from any of the foregoing 
(including device programming or simulation files), and any 
associated documentation or information are expressly subject 
to the terms and conditions of the Altera Program License 
Subscription Agreement, the Altera Quartus II License Agreement,
the Altera MegaCore Function License Agreement, or other 
applicable license agreement, including, without limitation, 
that your use is for the sole purpose of programming logic 
devices manufactured by Altera and sold by Altera or its 
authorized distributors.  Please refer to the applicable 
agreement for further details.



+---------------------------------------------------------------+
; Assembler Summary                                             ;
+-----------------------+---------------------------------------+
; Assembler Status      ; Successful - Fri Jul 27 11:50:54 2018 ;
; Revision Name         ; PWM_DE10                              ;
; Top-level Entity Name ; pwm_test                              ;
; Family                ; Cyclone V                             ;
; Device                ; 5CSEBA6U23I7                          ;
+-----------------------+---------------------------------------+


+----------------------------------+
; Assembler Settings               ;
+--------+---------+---------------+
; Option ; Setting ; Default Value ;
+--------+---------+---------------+


+---------------------------+
; Assembler Generated Files ;
+---------------------------+
; File Name                 ;
+---------------------------+
; C:/PWM_DE10/PWM_DE10.sof  ;
+---------------------------+


+----------------------------------------------------+
; Assembler Device Options: C:/PWM_DE10/PWM_DE10.sof ;
+----------------+-----------------------------------+
; Option         ; Setting                           ;
+----------------+-----------------------------------+
; Device         ; 5CSEBA6U23I7                      ;
; JTAG usercode  ; 0x00B361F2                        ;
; Checksum       ; 0x00B361F2                        ;
+----------------+-----------------------------------+


+--------------------+
; Assembler Messages ;
+--------------------+
Info: *******************************************************************
Info: Running Quartus II 64-Bit Assembler
    Info: Version 15.0.1 Build 150 06/03/2015 SJ Full Version
    Info: Processing started: Fri Jul 27 11:50:42 2018
Info: Command: quartus_asm --read_settings_files=off --write_settings_files=off PWM_DE10 -c PWM_DE10
Info (115030): Assembler is generating device programming files
Info: Quartus II 64-Bit Assembler was successful. 0 errors, 0 warnings
    Info: Peak virtual memory: 4904 megabytes
    Info: Processing ended: Fri Jul 27 11:50:54 2018
    Info: Elapsed time: 00:00:12
    Info: Total CPU time (on all processors): 00:00:09


