Flow report for PWM_DE10
Fri Jul 27 11:51:07 2018
Quartus II 64-Bit Version 15.0.1 Build 150 06/03/2015 SJ Full Version


---------------------
; Table of Contents ;
---------------------
  1. Legal Notice
  2. Flow Summary
  3. Flow Settings
  4. Flow Non-Default Global Settings
  5. Flow Elapsed Time
  6. Flow OS Summary
  7. Flow Log
  8. Flow Messages
  9. Flow Suppressed Messages



----------------
; Legal Notice ;
----------------
Copyright (C) 1991-2015 Altera Corporation. All rights reserved.
Your use of Altera Corporation's design tools, logic functions 
and other software and tools, and its AMPP partner logic 
functions, and any output files from any of the foregoing 
(including device programming or simulation files), and any 
associated documentation or information are expressly subject 
to the terms and conditions of the Altera Program License 
Subscription Agreement, the Altera Quartus II License Agreement,
the Altera MegaCore Function License Agreement, or other 
applicable license agreement, including, without limitation, 
that your use is for the sole purpose of programming logic 
devices manufactured by Altera and sold by Altera or its 
authorized distributors.  Please refer to the applicable 
agreement for further details.



+-------------------------------------------------------------------------------+
; Flow Summary                                                                  ;
+---------------------------------+---------------------------------------------+
; Flow Status                     ; Successful - Fri Jul 27 11:50:54 2018       ;
; Quartus II 64-Bit Version       ; 15.0.1 Build 150 06/03/2015 SJ Full Version ;
; Revision Name                   ; PWM_DE10                                    ;
; Top-level Entity Name           ; pwm_test                                    ;
; Family                          ; Cyclone V                                   ;
; Device                          ; 5CSEBA6U23I7                                ;
; Timing Models                   ; Final                                       ;
; Logic utilization (in ALMs)     ; 102 / 41,910 ( < 1 % )                      ;
; Total registers                 ; 83                                          ;
; Total pins                      ; 97 / 314 ( 31 % )                           ;
; Total virtual pins              ; 0                                           ;
; Total block memory bits         ; 0 / 5,662,720 ( 0 % )                       ;
; Total DSP Blocks                ; 0 / 112 ( 0 % )                             ;
; Total HSSI RX PCSs              ; 0                                           ;
; Total HSSI PMA RX Deserializers ; 0                                           ;
; Total HSSI TX PCSs              ; 0                                           ;
; Total HSSI PMA TX Serializers   ; 0                                           ;
; Total PLLs                      ; 0 / 6 ( 0 % )                               ;
; Total DLLs                      ; 0 / 4 ( 0 % )                               ;
+---------------------------------+---------------------------------------------+


+-----------------------------------------+
; Flow Settings                           ;
+-------------------+---------------------+
; Option            ; Setting             ;
+-------------------+---------------------+
; Start date & time ; 07/27/2018 11:48:55 ;
; Main task         ; Compilation         ;
; Revision Name     ; PWM_DE10            ;
+-------------------+---------------------+


+----------------------------------------------------------------------------------------------------------------------------------------+
; Flow Non-Default Global Settings                                                                                                       ;
+-------------------------------------+-------------------------------------------------------+---------------+-------------+------------+
; Assignment Name                     ; Value                                                 ; Default Value ; Entity Name ; Section Id ;
+-------------------------------------+-------------------------------------------------------+---------------+-------------+------------+
; COMPILER_SIGNATURE_ID               ; 79497680078363.153271373412696                        ; --            ; --          ; --         ;
; MAX_CORE_JUNCTION_TEMP              ; 100                                                   ; --            ; --          ; --         ;
; MIN_CORE_JUNCTION_TEMP              ; -40                                                   ; --            ; --          ; --         ;
; MISC_FILE                           ; adc/synthesis/../adc.cmp                              ; --            ; --          ; --         ;
; MISC_FILE                           ; adc/synthesis/../../adc.qsys                          ; --            ; --          ; --         ;
; PARTITION_COLOR                     ; 16764057                                              ; --            ; pwm_test    ; Top        ;
; PARTITION_FITTER_PRESERVATION_LEVEL ; PLACEMENT_AND_ROUTING                                 ; --            ; pwm_test    ; Top        ;
; PARTITION_NETLIST_TYPE              ; SOURCE                                                ; --            ; pwm_test    ; Top        ;
; POWER_BOARD_THERMAL_MODEL           ; None (CONSERVATIVE)                                   ; --            ; --          ; --         ;
; POWER_PRESET_COOLING_SOLUTION       ; 23 MM HEAT SINK WITH 200 LFPM AIRFLOW                 ; --            ; --          ; --         ;
; SLD_FILE                            ; adc/synthesis/adc.regmap                              ; --            ; --          ; --         ;
; SLD_FILE                            ; adc/synthesis/adc.debuginfo                           ; --            ; --          ; --         ;
; SLD_INFO                            ; QSYS_NAME adc HAS_SOPCINFO 1 GENERATION_ID 1530125432 ; --            ; adc         ; --         ;
; SOPCINFO_FILE                       ; adc/synthesis/../../adc.sopcinfo                      ; --            ; --          ; --         ;
; SYNTHESIS_ONLY_QIP                  ; On                                                    ; --            ; --          ; --         ;
; TOP_LEVEL_ENTITY                    ; pwm_test                                              ; PWM_DE10      ; --          ; --         ;
; VHDL_INPUT_VERSION                  ; VHDL_2008                                             ; VHDL_1993     ; --          ; --         ;
; VHDL_SHOW_LMF_MAPPING_MESSAGES      ; Off                                                   ; --            ; --          ; --         ;
+-------------------------------------+-------------------------------------------------------+---------------+-------------+------------+


+-------------------------------------------------------------------------------------------------------------------------------+
; Flow Elapsed Time                                                                                                             ;
+---------------------------+--------------+-------------------------+---------------------+------------------------------------+
; Module Name               ; Elapsed Time ; Average Processors Used ; Peak Virtual Memory ; Total CPU Time (on all processors) ;
+---------------------------+--------------+-------------------------+---------------------+------------------------------------+
; Analysis & Synthesis      ; 00:00:50     ; 1.0                     ; 4952 MB             ; 00:01:07                           ;
; Fitter                    ; 00:00:49     ; 1.3                     ; 6640 MB             ; 00:00:54                           ;
; Assembler                 ; 00:00:12     ; 1.0                     ; 4904 MB             ; 00:00:09                           ;
; TimeQuest Timing Analyzer ; 00:00:11     ; 1.3                     ; 5272 MB             ; 00:00:08                           ;
; Total                     ; 00:02:02     ; --                      ; --                  ; 00:02:18                           ;
+---------------------------+--------------+-------------------------+---------------------+------------------------------------+


+----------------------------------------------------------------------------------------+
; Flow OS Summary                                                                        ;
+---------------------------+------------------+-----------+------------+----------------+
; Module Name               ; Machine Hostname ; OS Name   ; OS Version ; Processor type ;
+---------------------------+------------------+-----------+------------+----------------+
; Analysis & Synthesis      ; tb-102-06        ; Windows 7 ; 6.2        ; x86_64         ;
; Fitter                    ; tb-102-06        ; Windows 7 ; 6.2        ; x86_64         ;
; Assembler                 ; tb-102-06        ; Windows 7 ; 6.2        ; x86_64         ;
; TimeQuest Timing Analyzer ; tb-102-06        ; Windows 7 ; 6.2        ; x86_64         ;
+---------------------------+------------------+-----------+------------+----------------+


------------
; Flow Log ;
------------
quartus_map --read_settings_files=on --write_settings_files=off PWM_DE10 -c PWM_DE10
quartus_fit --read_settings_files=off --write_settings_files=off PWM_DE10 -c PWM_DE10
quartus_asm --read_settings_files=off --write_settings_files=off PWM_DE10 -c PWM_DE10
quartus_sta PWM_DE10 -c PWM_DE10



