Flow report for system10_pwm
Fri Jul 20 13:24:26 2018
Quartus Prime Version 17.0.0 Build 595 04/25/2017 SJ Lite Edition


---------------------
; Table of Contents ;
---------------------
  1. Legal Notice
  2. Flow Summary
  3. Flow Settings
  4. Flow Non-Default Global Settings
  5. Flow Elapsed Time
  6. Flow OS Summary
  7. Flow Log
  8. Flow Messages
  9. Flow Suppressed Messages



----------------
; Legal Notice ;
----------------
Copyright (C) 2017  Intel Corporation. All rights reserved.
Your use of Intel Corporation's design tools, logic functions 
and other software and tools, and its AMPP partner logic 
functions, and any output files from any of the foregoing 
(including device programming or simulation files), and any 
associated documentation or information are expressly subject 
to the terms and conditions of the Intel Program License 
Subscription Agreement, the Intel Quartus Prime License Agreement,
the Intel MegaCore Function License Agreement, or other 
applicable license agreement, including, without limitation, 
that your use is for the sole purpose of programming logic 
devices manufactured by Intel and sold by Intel or its 
authorized distributors.  Please refer to the applicable 
agreement for further details.



+-------------------------------------------------------------------------------+
; Flow Summary                                                                  ;
+---------------------------------+---------------------------------------------+
; Flow Status                     ; Successful - Fri Jul 20 13:24:11 2018       ;
; Quartus Prime Version           ; 17.0.0 Build 595 04/25/2017 SJ Lite Edition ;
; Revision Name                   ; system10_pwm                                ;
; Top-level Entity Name           ; system10_pwm                                ;
; Family                          ; Cyclone V                                   ;
; Device                          ; 5CSEBA6U23I7                                ;
; Timing Models                   ; Final                                       ;
; Logic utilization (in ALMs)     ; 1,196 / 41,910 ( 3 % )                      ;
; Total registers                 ; 1966                                        ;
; Total pins                      ; 145 / 314 ( 46 % )                          ;
; Total virtual pins              ; 0                                           ;
; Total block memory bits         ; 119,104 / 5,662,720 ( 2 % )                 ;
; Total DSP Blocks                ; 3 / 112 ( 3 % )                             ;
; Total HSSI RX PCSs              ; 0                                           ;
; Total HSSI PMA RX Deserializers ; 0                                           ;
; Total HSSI TX PCSs              ; 0                                           ;
; Total HSSI PMA TX Serializers   ; 0                                           ;
; Total PLLs                      ; 0 / 6 ( 0 % )                               ;
; Total DLLs                      ; 0 / 4 ( 0 % )                               ;
+---------------------------------+---------------------------------------------+


+-----------------------------------------+
; Flow Settings                           ;
+-------------------+---------------------+
; Option            ; Setting             ;
+-------------------+---------------------+
; Start date & time ; 07/20/2018 13:21:54 ;
; Main task         ; Compilation         ;
; Revision Name     ; system10_pwm        ;
+-------------------+---------------------+


+---------------------------------------------------------------------------------------------------------------------------------------------+
; Flow Non-Default Global Settings                                                                                                            ;
+-------------------------------------+------------------------------------------------------------+---------------+-------------+------------+
; Assignment Name                     ; Value                                                      ; Default Value ; Entity Name ; Section Id ;
+-------------------------------------+------------------------------------------------------------+---------------+-------------+------------+
; COMPILER_SIGNATURE_ID               ; 79497680078363.153211451401556                             ; --            ; --          ; --         ;
; MAX_CORE_JUNCTION_TEMP              ; 100                                                        ; --            ; --          ; --         ;
; MIN_CORE_JUNCTION_TEMP              ; -40                                                        ; --            ; --          ; --         ;
; MISC_FILE                           ; adc_pwm/synthesis/../adc_pwm.cmp                           ; --            ; --          ; --         ;
; MISC_FILE                           ; adc_pwm/synthesis/../../adc_pwm.qsys                       ; --            ; --          ; --         ;
; MISC_FILE                           ; ADC/synthesis/../adc.cmp                                   ; --            ; --          ; --         ;
; MISC_FILE                           ; ADC/synthesis/../../adc.qsys                               ; --            ; --          ; --         ;
; MISC_FILE                           ; hps_gmii/synthesis/../hps_gmii.cmp                         ; --            ; --          ; --         ;
; MISC_FILE                           ; hps_gmii/synthesis/../../hps_gmii.qsys                     ; --            ; --          ; --         ;
; MISC_FILE                           ; hps_emac/synthesis/../hps_emac.cmp                         ; --            ; --          ; --         ;
; MISC_FILE                           ; hps_emac/synthesis/../../hps_emac.qsys                     ; --            ; --          ; --         ;
; PARTITION_COLOR                     ; -- (Not supported for targeted family)                     ; --            ; --          ; Top        ;
; PARTITION_FITTER_PRESERVATION_LEVEL ; -- (Not supported for targeted family)                     ; --            ; --          ; Top        ;
; PARTITION_NETLIST_TYPE              ; -- (Not supported for targeted family)                     ; --            ; --          ; Top        ;
; POWER_BOARD_THERMAL_MODEL           ; None (CONSERVATIVE)                                        ; --            ; --          ; --         ;
; POWER_PRESET_COOLING_SOLUTION       ; 23 MM HEAT SINK WITH 200 LFPM AIRFLOW                      ; --            ; --          ; --         ;
; SLD_FILE                            ; adc_pwm/synthesis/adc_pwm.regmap                           ; --            ; --          ; --         ;
; SLD_FILE                            ; adc_pwm/synthesis/adc_pwm.debuginfo                        ; --            ; --          ; --         ;
; SLD_FILE                            ; ADC/synthesis/adc.debuginfo                                ; --            ; --          ; --         ;
; SLD_FILE                            ; hps_gmii/synthesis/hps_gmii.debuginfo                      ; --            ; --          ; --         ;
; SLD_FILE                            ; hps_emac/synthesis/hps_emac.debuginfo                      ; --            ; --          ; --         ;
; SLD_INFO                            ; QSYS_NAME adc HAS_SOPCINFO 1 GENERATION_ID 1532107118      ; --            ; adc         ; --         ;
; SLD_INFO                            ; QSYS_NAME adc_pwm HAS_SOPCINFO 1 GENERATION_ID 1532113358  ; --            ; adc_pwm     ; --         ;
; SLD_INFO                            ; QSYS_NAME hps_emac HAS_SOPCINFO 1 GENERATION_ID 1532106871 ; --            ; hps_emac    ; --         ;
; SLD_INFO                            ; QSYS_NAME hps_gmii HAS_SOPCINFO 1 GENERATION_ID 1532106968 ; --            ; hps_gmii    ; --         ;
; SOPCINFO_FILE                       ; adc_pwm/synthesis/../../adc_pwm.sopcinfo                   ; --            ; --          ; --         ;
; SOPCINFO_FILE                       ; ADC/synthesis/../../adc.sopcinfo                           ; --            ; --          ; --         ;
; SOPCINFO_FILE                       ; hps_gmii/synthesis/../../hps_gmii.sopcinfo                 ; --            ; --          ; --         ;
; SOPCINFO_FILE                       ; hps_emac/synthesis/../../hps_emac.sopcinfo                 ; --            ; --          ; --         ;
; SYNTHESIS_ONLY_QIP                  ; On                                                         ; --            ; --          ; --         ;
; SYNTHESIS_ONLY_QIP                  ; On                                                         ; --            ; --          ; --         ;
; SYNTHESIS_ONLY_QIP                  ; On                                                         ; --            ; --          ; --         ;
; SYNTHESIS_ONLY_QIP                  ; On                                                         ; --            ; --          ; --         ;
+-------------------------------------+------------------------------------------------------------+---------------+-------------+------------+


+-------------------------------------------------------------------------------------------------------------------------------+
; Flow Elapsed Time                                                                                                             ;
+---------------------------+--------------+-------------------------+---------------------+------------------------------------+
; Module Name               ; Elapsed Time ; Average Processors Used ; Peak Virtual Memory ; Total CPU Time (on all processors) ;
+---------------------------+--------------+-------------------------+---------------------+------------------------------------+
; Analysis & Synthesis      ; 00:00:32     ; 1.0                     ; 5031 MB             ; 00:00:53                           ;
; Fitter                    ; 00:01:26     ; 1.2                     ; 6790 MB             ; 00:03:07                           ;
; Assembler                 ; 00:00:11     ; 1.0                     ; 4892 MB             ; 00:00:07                           ;
; TimeQuest Timing Analyzer ; 00:00:14     ; 1.6                     ; 5318 MB             ; 00:00:18                           ;
; Total                     ; 00:02:23     ; --                      ; --                  ; 00:04:25                           ;
+---------------------------+--------------+-------------------------+---------------------+------------------------------------+


+-----------------------------------------------------------------------------------------+
; Flow OS Summary                                                                         ;
+---------------------------+------------------+------------+------------+----------------+
; Module Name               ; Machine Hostname ; OS Name    ; OS Version ; Processor type ;
+---------------------------+------------------+------------+------------+----------------+
; Analysis & Synthesis      ; tb-102-06        ; Windows 10 ; 10.0       ; x86_64         ;
; Fitter                    ; tb-102-06        ; Windows 10 ; 10.0       ; x86_64         ;
; Assembler                 ; tb-102-06        ; Windows 10 ; 10.0       ; x86_64         ;
; TimeQuest Timing Analyzer ; tb-102-06        ; Windows 10 ; 10.0       ; x86_64         ;
+---------------------------+------------------+------------+------------+----------------+


------------
; Flow Log ;
------------
quartus_map --read_settings_files=on --write_settings_files=off system10_pwm -c system10_pwm
quartus_fit --read_settings_files=off --write_settings_files=off system10_pwm -c system10_pwm
quartus_asm --read_settings_files=off --write_settings_files=off system10_pwm -c system10_pwm
quartus_sta system10_pwm -c system10_pwm



